<?xml version="1.0" encoding="UTF-8"?>
<testsuite name="com.kodilla.stream.sand.SandStorageTestSuite" tests="2" skipped="0" failures="0" errors="0" timestamp="2019-12-15T12:44:47" hostname="SebastianLaptok" time="0.006">
  <properties/>
  <testcase name="testGetSandBeansQuantity" classname="com.kodilla.stream.sand.SandStorageTestSuite" time="0.003"/>
  <testcase name="testGetSandBeansQuantityWithReduce" classname="com.kodilla.stream.sand.SandStorageTestSuite" time="0.003"/>
  <system-out><![CDATA[]]></system-out>
  <system-err><![CDATA[]]></system-err>
</testsuite>
