<?xml version="1.0" encoding="UTF-8"?>
<testsuite name="com.kodilla.patterns.prototype.BoardTestSuite" tests="1" skipped="0" failures="0" errors="0" timestamp="2019-12-15T12:44:27" hostname="SebastianLaptok" time="0.019">
  <properties/>
  <testcase name="testToString" classname="com.kodilla.patterns.prototype.BoardTestSuite" time="0.019"/>
  <system-out><![CDATA[Board [Project number 1]
   List [In Progress Tasks]
      Task [In Progress Task number 1]
      Task [In Progress Task number 2]
      Task [In Progress Task number 3]
      Task [In Progress Task number 4]
      Task [In Progress Task number 5]
      Task [In Progress Task number 6]
      Task [In Progress Task number 7]
      Task [In Progress Task number 8]
      Task [In Progress Task number 9]
      Task [In Progress Task number 10]
   List [Done Tasks]
      Task [Done Task number 1]
      Task [Done Task number 2]
      Task [Done Task number 3]
      Task [Done Task number 4]
      Task [Done Task number 5]
      Task [Done Task number 6]
      Task [Done Task number 7]
      Task [Done Task number 8]
      Task [Done Task number 9]
      Task [Done Task number 10]

Board [Project number 2]
   List [In Progress Tasks]
      Task [In Progress Task number 1]
      Task [In Progress Task number 2]
      Task [In Progress Task number 3]
      Task [In Progress Task number 4]
      Task [In Progress Task number 5]
      Task [In Progress Task number 6]
      Task [In Progress Task number 7]
      Task [In Progress Task number 8]
      Task [In Progress Task number 9]
      Task [In Progress Task number 10]
   List [Done Tasks]
      Task [Done Task number 1]
      Task [Done Task number 2]
      Task [Done Task number 3]
      Task [Done Task number 4]
      Task [Done Task number 5]
      Task [Done Task number 6]
      Task [Done Task number 7]
      Task [Done Task number 8]
      Task [Done Task number 9]
      Task [Done Task number 10]

Board [Project number 3]
   List [To Do Tasks]
      Task [To Do Task number 1]
      Task [To Do Task number 2]
      Task [To Do Task number 3]
      Task [To Do Task number 4]
      Task [To Do Task number 5]
      Task [To Do Task number 6]
      Task [To Do Task number 7]
      Task [To Do Task number 8]
      Task [To Do Task number 9]
      Task [To Do Task number 10]
   List [In Progress Tasks]
      Task [In Progress Task number 1]
      Task [In Progress Task number 2]
      Task [In Progress Task number 3]
      Task [In Progress Task number 4]
      Task [In Progress Task number 5]
      Task [In Progress Task number 6]
      Task [In Progress Task number 7]
      Task [In Progress Task number 8]
      Task [In Progress Task number 9]
      Task [In Progress Task number 10]
   List [Done Tasks]
      Task [Done Task number 1]
      Task [Done Task number 2]
      Task [Done Task number 3]
      Task [Done Task number 4]
      Task [Done Task number 5]
      Task [Done Task number 6]
      Task [Done Task number 7]
      Task [Done Task number 8]
      Task [Done Task number 9]
      Task [Done Task number 10]

]]></system-out>
  <system-err><![CDATA[]]></system-err>
</testsuite>
